<?xml version="1.0" encoding="UTF-8"?>
<testng-results ignored="0" total="0" passed="0" failed="0" skipped="0">
  <reporter-output>
  </reporter-output>
  <suite started-at="2022-05-09T19:58:19 EEST" name="Test Automation" finished-at="2022-05-09T19:58:19 EEST" duration-ms="25">
    <groups>
    </groups>
    <test started-at="2022-05-09T19:58:19 EEST" name="Test Automation" finished-at="2022-05-09T19:58:19 EEST" duration-ms="25">
      <class name="reportingFunction.reportingFunction">
        <test-method is-config="true" signature="startReport(java.lang.String,java.lang.String)[pri:0, instance:reportingFunction.reportingFunction@527e5409]" started-at="2022-05-09T19:58:19 EEST" name="startReport" finished-at="2022-05-09T19:58:19 EEST" duration-ms="18" status="PASS">
          <params>
            <param index="0">
              <value>
                <![CDATA[macOS]]>
              </value>
            </param>
            <param index="1">
              <value>
                <![CDATA[Chrome]]>
              </value>
            </param>
          </params>
          <reporter-output>
          </reporter-output>
        </test-method> <!-- startReport -->
        <test-method is-config="true" signature="aftersuite()[pri:0, instance:reportingFunction.reportingFunction@527e5409]" started-at="2022-05-09T19:58:19 EEST" name="aftersuite" finished-at="2022-05-09T19:58:24 EEST" duration-ms="4492" status="PASS">
          <reporter-output>
          </reporter-output>
        </test-method> <!-- aftersuite -->
      </class> <!-- reportingFunction.reportingFunction -->
    </test> <!-- Test Automation -->
  </suite> <!-- Test Automation -->
</testng-results>
