<?xml version="1.0" encoding="UTF-8"?>
<testng-results skipped="0" failed="0" ignored="0" total="0" passed="0">
  <reporter-output>
  </reporter-output>
  <suite name="Test Automation" duration-ms="31" started-at="2022-03-10T22:12:56 EET" finished-at="2022-03-10T22:12:56 EET">
    <groups>
    </groups>
    <test name="Test Automation" duration-ms="31" started-at="2022-03-10T22:12:56 EET" finished-at="2022-03-10T22:12:56 EET">
      <class name="reportingFunction.reportingFunction">
        <test-method status="PASS" signature="startReport(java.lang.String,java.lang.String)[pri:0, instance:reportingFunction.reportingFunction@4232c52b]" name="startReport" is-config="true" duration-ms="20" started-at="2022-03-10T22:12:56 EET" finished-at="2022-03-10T22:12:56 EET">
          <params>
            <param index="0">
              <value>
                <![CDATA[macOS]]>
              </value>
            </param>
            <param index="1">
              <value>
                <![CDATA[Chrome]]>
              </value>
            </param>
          </params>
          <reporter-output>
          </reporter-output>
        </test-method> <!-- startReport -->
        <test-method status="PASS" signature="aftersuite()[pri:0, instance:reportingFunction.reportingFunction@4232c52b]" name="aftersuite" is-config="true" duration-ms="13392" started-at="2022-03-10T22:13:01 EET" finished-at="2022-03-10T22:13:14 EET">
          <reporter-output>
          </reporter-output>
        </test-method> <!-- aftersuite -->
      </class> <!-- reportingFunction.reportingFunction -->
    </test> <!-- Test Automation -->
  </suite> <!-- Test Automation -->
</testng-results>
